<?xml version="1.0" encoding="UTF-8"?>
<!-- Generated by org.testng.reporters.JUnitReportReporter -->
<testsuite hostname="DENOX" failures="0" tests="1" name="day9ts.NewTest" time="6.548" errors="0" timestamp="2023-05-02T14:15:37 IST" skipped="0">
  <testcase classname="day9ts.NewTest" name="main" time="6.548"/>
  <system-out/>
</testsuite> <!-- day9ts.NewTest -->
