<?xml version="1.0" encoding="UTF-8"?>
<!-- Generated by org.testng.reporters.JUnitReportReporter -->
<testsuite hostname="DENOX" failures="0" tests="4" name="newTest2.NewTest" time="0.019" errors="0" timestamp="2023-04-27T12:03:54 IST" skipped="0">
  <testcase classname="newTest2.NewTest" name="add" time="0.013"/>
  <system-out/>
  <testcase classname="newTest2.NewTest" name="div" time="0.002"/>
  <system-out/>
  <testcase classname="newTest2.NewTest" name="mul" time="0.003"/>
  <system-out/>
  <testcase classname="newTest2.NewTest" name="sub" time="0.001"/>
  <system-out/>
</testsuite> <!-- newTest2.NewTest -->
